-------------------------------------------------------------------------------
Test set: org.aion.ATSTokenContractTest
-------------------------------------------------------------------------------
Tests run: 34, Failures: 1, Errors: 0, Skipped: 0, Time elapsed: 8.037 s <<< FAILURE! - in org.aion.ATSTokenContractTest
testRevokeOperatorThatWasNotAnOperator(org.aion.ATSTokenContractTest)  Time elapsed: 0.16 s  <<< FAILURE!
java.lang.AssertionError: expected:<0> but was:<1>
	at org.aion.ATSTokenContractTest.testRevokeOperatorThatWasNotAnOperator(ATSTokenContractTest.java:413)

